[2016-09-08 06:09:29] local.ERROR: PDOException: SQLSTATE[42S01]: Base table or view already exists: 1050 Table 'sessions' already exists in D:\wamp\phpStudy\WWW\mengma\blog\vendor\laravel\framework\src\Illuminate\Database\Connection.php:480
Stack trace:
#0 D:\wamp\phpStudy\WWW\mengma\blog\vendor\laravel\framework\src\Illuminate\Database\Connection.php(480): PDOStatement->execute()
#1 D:\wamp\phpStudy\WWW\mengma\blog\vendor\laravel\framework\src\Illuminate\Database\Connection.php(754): Illuminate\Database\Connection->Illuminate\Database\{closure}(Object(Illuminate\Database\MySqlConnection), 'create table `s...', Array)
#2 D:\wamp\phpStudy\WWW\mengma\blog\vendor\laravel\framework\src\Illuminate\Database\Connection.php(717): Illuminate\Database\Connection->runQueryCallback('create table `s...', Array, Object(Closure))
#3 D:\wamp\phpStudy\WWW\mengma\blog\vendor\laravel\framework\src\Illuminate\Database\Connection.php(481): Illuminate\Database\Connection->run('create table `s...', Array, Object(Closure))
#4 D:\wamp\phpStudy\WWW\mengma\blog\vendor\laravel\framework\src\Illuminate\Database\Schema\Blueprint.php(83): Illuminate\Database\Connection->statement('create table `s...')
#5 D:\wamp\phpStudy\WWW\mengma\blog\vendor\laravel\framework\src\Illuminate\Database\Schema\Builder.php(229): Illuminate\Database\Schema\Blueprint->build(Object(Illuminate\Database\MySqlConnection), Object(Illuminate\Database\Schema\Grammars\MySqlGrammar))
#6 D:\wamp\phpStudy\WWW\mengma\blog\vendor\laravel\framework\src\Illuminate\Database\Schema\Builder.php(148): Illuminate\Database\Schema\Builder->build(Object(Illuminate\Database\Schema\Blueprint))
#7 D:\wamp\phpStudy\WWW\mengma\blog\vendor\laravel\framework\src\Illuminate\Support\Facades\Facade.php(238): Illuminate\Database\Schema\Builder->create('sessions', Object(Closure))
#8 D:\wamp\phpStudy\WWW\mengma\blog\database\migrations\2016_09_02_150645_mengobj.php(26): Illuminate\Support\Facades\Facade::__callStatic('create', Array)
#9 D:\wamp\phpStudy\WWW\mengma\blog\vendor\laravel\framework\src\Illuminate\Database\Migrations\Migrator.php(162): Mengobj->up()
#10 D:\wamp\phpStudy\WWW\mengma\blog\vendor\laravel\framework\src\Illuminate\Database\Migrations\Migrator.php(130): Illuminate\Database\Migrations\Migrator->runUp('2016_09_02_1506...', 8, false)
#11 D:\wamp\phpStudy\WWW\mengma\blog\vendor\laravel\framework\src\Illuminate\Database\Migrations\Migrator.php(97): Illuminate\Database\Migrations\Migrator->runMigrationList(Array, Array)
#12 D:\wamp\phpStudy\WWW\mengma\blog\vendor\laravel\framework\src\Illuminate\Database\Console\Migrations\MigrateCommand.php(65): Illuminate\Database\Migrations\Migrator->run(Array, Array)
#13 [internal function]: Illuminate\Database\Console\Migrations\MigrateCommand->fire()
#14 D:\wamp\phpStudy\WWW\mengma\blog\vendor\laravel\framework\src\Illuminate\Container\Container.php(507): call_user_func_array(Array, Array)
#15 D:\wamp\phpStudy\WWW\mengma\blog\vendor\laravel\framework\src\Illuminate\Console\Command.php(169): Illuminate\Container\Container->call(Array)
#16 D:\wamp\phpStudy\WWW\mengma\blog\vendor\symfony\console\Command\Command.php(256): Illuminate\Console\Command->execute(Object(Symfony\Component\Console\Input\ArgvInput), Object(Symfony\Component\Console\Output\ConsoleOutput))
#17 D:\wamp\phpStudy\WWW\mengma\blog\vendor\laravel\framework\src\Illuminate\Console\Command.php(155): Symfony\Component\Console\Command\Command->run(Object(Symfony\Component\Console\Input\ArgvInput), Object(Symfony\Component\Console\Output\ConsoleOutput))
#18 D:\wamp\phpStudy\WWW\mengma\blog\vendor\symfony\console\Application.php(818): Illuminate\Console\Command->run(Object(Symfony\Component\Console\Input\ArgvInput), Object(Symfony\Component\Console\Output\ConsoleOutput))
#19 D:\wamp\phpStudy\WWW\mengma\blog\vendor\symfony\console\Application.php(186): Symfony\Component\Console\Application->doRunCommand(Object(Illuminate\Database\Console\Migrations\MigrateCommand), Object(Symfony\Component\Console\Input\ArgvInput), Object(Symfony\Component\Console\Output\ConsoleOutput))
#20 D:\wamp\phpStudy\WWW\mengma\blog\vendor\symfony\console\Application.php(117): Symfony\Component\Console\Application->doRun(Object(Symfony\Component\Console\Input\ArgvInput), Object(Symfony\Component\Console\Output\ConsoleOutput))
#21 D:\wamp\phpStudy\WWW\mengma\blog\vendor\laravel\framework\src\Illuminate\Foundation\Console\Kernel.php(122): Symfony\Component\Console\Application->run(Object(Symfony\Component\Console\Input\ArgvInput), Object(Symfony\Component\Console\Output\ConsoleOutput))
#22 D:\wamp\phpStudy\WWW\mengma\blog\artisan(35): Illuminate\Foundation\Console\Kernel->handle(Object(Symfony\Component\Console\Input\ArgvInput), Object(Symfony\Component\Console\Output\ConsoleOutput))
#23 {main}

Next Illuminate\Database\QueryException: SQLSTATE[42S01]: Base table or view already exists: 1050 Table 'sessions' already exists (SQL: create table `sessions` (`id` varchar(255) not null, `user_id` int null, `ip_address` varchar(45) null, `user_agent` text null, `payload` text not null, `last_activity` int not null) default character set utf8 collate utf8_unicode_ci) in D:\wamp\phpStudy\WWW\mengma\blog\vendor\laravel\framework\src\Illuminate\Database\Connection.php:761
Stack trace:
#0 D:\wamp\phpStudy\WWW\mengma\blog\vendor\laravel\framework\src\Illuminate\Database\Connection.php(717): Illuminate\Database\Connection->runQueryCallback('create table `s...', Array, Object(Closure))
#1 D:\wamp\phpStudy\WWW\mengma\blog\vendor\laravel\framework\src\Illuminate\Database\Connection.php(481): Illuminate\Database\Connection->run('create table `s...', Array, Object(Closure))
#2 D:\wamp\phpStudy\WWW\mengma\blog\vendor\laravel\framework\src\Illuminate\Database\Schema\Blueprint.php(83): Illuminate\Database\Connection->statement('create table `s...')
#3 D:\wamp\phpStudy\WWW\mengma\blog\vendor\laravel\framework\src\Illuminate\Database\Schema\Builder.php(229): Illuminate\Database\Schema\Blueprint->build(Object(Illuminate\Database\MySqlConnection), Object(Illuminate\Database\Schema\Grammars\MySqlGrammar))
#4 D:\wamp\phpStudy\WWW\mengma\blog\vendor\laravel\framework\src\Illuminate\Database\Schema\Builder.php(148): Illuminate\Database\Schema\Builder->build(Object(Illuminate\Database\Schema\Blueprint))
#5 D:\wamp\phpStudy\WWW\mengma\blog\vendor\laravel\framework\src\Illuminate\Support\Facades\Facade.php(238): Illuminate\Database\Schema\Builder->create('sessions', Object(Closure))
#6 D:\wamp\phpStudy\WWW\mengma\blog\database\migrations\2016_09_02_150645_mengobj.php(26): Illuminate\Support\Facades\Facade::__callStatic('create', Array)
#7 D:\wamp\phpStudy\WWW\mengma\blog\vendor\laravel\framework\src\Illuminate\Database\Migrations\Migrator.php(162): Mengobj->up()
#8 D:\wamp\phpStudy\WWW\mengma\blog\vendor\laravel\framework\src\Illuminate\Database\Migrations\Migrator.php(130): Illuminate\Database\Migrations\Migrator->runUp('2016_09_02_1506...', 8, false)
#9 D:\wamp\phpStudy\WWW\mengma\blog\vendor\laravel\framework\src\Illuminate\Database\Migrations\Migrator.php(97): Illuminate\Database\Migrations\Migrator->runMigrationList(Array, Array)
#10 D:\wamp\phpStudy\WWW\mengma\blog\vendor\laravel\framework\src\Illuminate\Database\Console\Migrations\MigrateCommand.php(65): Illuminate\Database\Migrations\Migrator->run(Array, Array)
#11 [internal function]: Illuminate\Database\Console\Migrations\MigrateCommand->fire()
#12 D:\wamp\phpStudy\WWW\mengma\blog\vendor\laravel\framework\src\Illuminate\Container\Container.php(507): call_user_func_array(Array, Array)
#13 D:\wamp\phpStudy\WWW\mengma\blog\vendor\laravel\framework\src\Illuminate\Console\Command.php(169): Illuminate\Container\Container->call(Array)
#14 D:\wamp\phpStudy\WWW\mengma\blog\vendor\symfony\console\Command\Command.php(256): Illuminate\Console\Command->execute(Object(Symfony\Component\Console\Input\ArgvInput), Object(Symfony\Component\Console\Output\ConsoleOutput))
#15 D:\wamp\phpStudy\WWW\mengma\blog\vendor\laravel\framework\src\Illuminate\Console\Command.php(155): Symfony\Component\Console\Command\Command->run(Object(Symfony\Component\Console\Input\ArgvInput), Object(Symfony\Component\Console\Output\ConsoleOutput))
#16 D:\wamp\phpStudy\WWW\mengma\blog\vendor\symfony\console\Application.php(818): Illuminate\Console\Command->run(Object(Symfony\Component\Console\Input\ArgvInput), Object(Symfony\Component\Console\Output\ConsoleOutput))
#17 D:\wamp\phpStudy\WWW\mengma\blog\vendor\symfony\console\Application.php(186): Symfony\Component\Console\Application->doRunCommand(Object(Illuminate\Database\Console\Migrations\MigrateCommand), Object(Symfony\Component\Console\Input\ArgvInput), Object(Symfony\Component\Console\Output\ConsoleOutput))
#18 D:\wamp\phpStudy\WWW\mengma\blog\vendor\symfony\console\Application.php(117): Symfony\Component\Console\Application->doRun(Object(Symfony\Component\Console\Input\ArgvInput), Object(Symfony\Component\Console\Output\ConsoleOutput))
#19 D:\wamp\phpStudy\WWW\mengma\blog\vendor\laravel\framework\src\Illuminate\Foundation\Console\Kernel.php(122): Symfony\Component\Console\Application->run(Object(Symfony\Component\Console\Input\ArgvInput), Object(Symfony\Component\Console\Output\ConsoleOutput))
#20 D:\wamp\phpStudy\WWW\mengma\blog\artisan(35): Illuminate\Foundation\Console\Kernel->handle(Object(Symfony\Component\Console\Input\ArgvInput), Object(Symfony\Component\Console\Output\ConsoleOutput))
#21 {main}  
[2016-09-08 07:05:22] local.ERROR: PDOException: SQLSTATE[42S01]: Base table or view already exists: 1050 Table 'users' already exists in D:\www\mengma\mengma\vendor\laravel\framework\src\Illuminate\Database\Connection.php:480
Stack trace:
#0 D:\www\mengma\mengma\vendor\laravel\framework\src\Illuminate\Database\Connection.php(480): PDOStatement->execute()
#1 D:\www\mengma\mengma\vendor\laravel\framework\src\Illuminate\Database\Connection.php(754): Illuminate\Database\Connection->Illuminate\Database\{closure}(Object(Illuminate\Database\MySqlConnection), 'create table `u...', Array)
#2 D:\www\mengma\mengma\vendor\laravel\framework\src\Illuminate\Database\Connection.php(717): Illuminate\Database\Connection->runQueryCallback('create table `u...', Array, Object(Closure))
#3 D:\www\mengma\mengma\vendor\laravel\framework\src\Illuminate\Database\Connection.php(481): Illuminate\Database\Connection->run('create table `u...', Array, Object(Closure))
#4 D:\www\mengma\mengma\vendor\laravel\framework\src\Illuminate\Database\Schema\Blueprint.php(83): Illuminate\Database\Connection->statement('create table `u...')
#5 D:\www\mengma\mengma\vendor\laravel\framework\src\Illuminate\Database\Schema\Builder.php(229): Illuminate\Database\Schema\Blueprint->build(Object(Illuminate\Database\MySqlConnection), Object(Illuminate\Database\Schema\Grammars\MySqlGrammar))
#6 D:\www\mengma\mengma\vendor\laravel\framework\src\Illuminate\Database\Schema\Builder.php(148): Illuminate\Database\Schema\Builder->build(Object(Illuminate\Database\Schema\Blueprint))
#7 D:\www\mengma\mengma\vendor\laravel\framework\src\Illuminate\Support\Facades\Facade.php(238): Illuminate\Database\Schema\Builder->create('users', Object(Closure))
#8 D:\www\mengma\mengma\database\migrations\2016_09_02_150645_mengobj.php(178): Illuminate\Support\Facades\Facade::__callStatic('create', Array)
#9 D:\www\mengma\mengma\vendor\laravel\framework\src\Illuminate\Database\Migrations\Migrator.php(162): Mengobj->up()
#10 D:\www\mengma\mengma\vendor\laravel\framework\src\Illuminate\Database\Migrations\Migrator.php(130): Illuminate\Database\Migrations\Migrator->runUp('2016_09_02_1506...', 1, false)
#11 D:\www\mengma\mengma\vendor\laravel\framework\src\Illuminate\Database\Migrations\Migrator.php(97): Illuminate\Database\Migrations\Migrator->runMigrationList(Array, Array)
#12 D:\www\mengma\mengma\vendor\laravel\framework\src\Illuminate\Database\Console\Migrations\MigrateCommand.php(65): Illuminate\Database\Migrations\Migrator->run(Array, Array)
#13 [internal function]: Illuminate\Database\Console\Migrations\MigrateCommand->fire()
#14 D:\www\mengma\mengma\vendor\laravel\framework\src\Illuminate\Container\Container.php(507): call_user_func_array(Array, Array)
#15 D:\www\mengma\mengma\vendor\laravel\framework\src\Illuminate\Console\Command.php(169): Illuminate\Container\Container->call(Array)
#16 D:\www\mengma\mengma\vendor\symfony\console\Command\Command.php(256): Illuminate\Console\Command->execute(Object(Symfony\Component\Console\Input\ArgvInput), Object(Symfony\Component\Console\Output\ConsoleOutput))
#17 D:\www\mengma\mengma\vendor\laravel\framework\src\Illuminate\Console\Command.php(155): Symfony\Component\Console\Command\Command->run(Object(Symfony\Component\Console\Input\ArgvInput), Object(Symfony\Component\Console\Output\ConsoleOutput))
#18 D:\www\mengma\mengma\vendor\symfony\console\Application.php(818): Illuminate\Console\Command->run(Object(Symfony\Component\Console\Input\ArgvInput), Object(Symfony\Component\Console\Output\ConsoleOutput))
#19 D:\www\mengma\mengma\vendor\symfony\console\Application.php(186): Symfony\Component\Console\Application->doRunCommand(Object(Illuminate\Database\Console\Migrations\MigrateCommand), Object(Symfony\Component\Console\Input\ArgvInput), Object(Symfony\Component\Console\Output\ConsoleOutput))
#20 D:\www\mengma\mengma\vendor\symfony\console\Application.php(117): Symfony\Component\Console\Application->doRun(Object(Symfony\Component\Console\Input\ArgvInput), Object(Symfony\Component\Console\Output\ConsoleOutput))
#21 D:\www\mengma\mengma\vendor\laravel\framework\src\Illuminate\Foundation\Console\Kernel.php(122): Symfony\Component\Console\Application->run(Object(Symfony\Component\Console\Input\ArgvInput), Object(Symfony\Component\Console\Output\ConsoleOutput))
#22 D:\www\mengma\mengma\artisan(35): Illuminate\Foundation\Console\Kernel->handle(Object(Symfony\Component\Console\Input\ArgvInput), Object(Symfony\Component\Console\Output\ConsoleOutput))
#23 {main}

Next Illuminate\Database\QueryException: SQLSTATE[42S01]: Base table or view already exists: 1050 Table 'users' already exists (SQL: create table `users` (`id` int unsigned not null auto_increment primary key, `name` varchar(255) not null, `email` varchar(255) not null, `password` varchar(255) not null, `remember_token` varchar(100) null, `created_at` timestamp null, `updated_at` timestamp null) default character set utf8 collate utf8_unicode_ci) in D:\www\mengma\mengma\vendor\laravel\framework\src\Illuminate\Database\Connection.php:761
Stack trace:
#0 D:\www\mengma\mengma\vendor\laravel\framework\src\Illuminate\Database\Connection.php(717): Illuminate\Database\Connection->runQueryCallback('create table `u...', Array, Object(Closure))
#1 D:\www\mengma\mengma\vendor\laravel\framework\src\Illuminate\Database\Connection.php(481): Illuminate\Database\Connection->run('create table `u...', Array, Object(Closure))
#2 D:\www\mengma\mengma\vendor\laravel\framework\src\Illuminate\Database\Schema\Blueprint.php(83): Illuminate\Database\Connection->statement('create table `u...')
#3 D:\www\mengma\mengma\vendor\laravel\framework\src\Illuminate\Database\Schema\Builder.php(229): Illuminate\Database\Schema\Blueprint->build(Object(Illuminate\Database\MySqlConnection), Object(Illuminate\Database\Schema\Grammars\MySqlGrammar))
#4 D:\www\mengma\mengma\vendor\laravel\framework\src\Illuminate\Database\Schema\Builder.php(148): Illuminate\Database\Schema\Builder->build(Object(Illuminate\Database\Schema\Blueprint))
#5 D:\www\mengma\mengma\vendor\laravel\framework\src\Illuminate\Support\Facades\Facade.php(238): Illuminate\Database\Schema\Builder->create('users', Object(Closure))
#6 D:\www\mengma\mengma\database\migrations\2016_09_02_150645_mengobj.php(178): Illuminate\Support\Facades\Facade::__callStatic('create', Array)
#7 D:\www\mengma\mengma\vendor\laravel\framework\src\Illuminate\Database\Migrations\Migrator.php(162): Mengobj->up()
#8 D:\www\mengma\mengma\vendor\laravel\framework\src\Illuminate\Database\Migrations\Migrator.php(130): Illuminate\Database\Migrations\Migrator->runUp('2016_09_02_1506...', 1, false)
#9 D:\www\mengma\mengma\vendor\laravel\framework\src\Illuminate\Database\Migrations\Migrator.php(97): Illuminate\Database\Migrations\Migrator->runMigrationList(Array, Array)
#10 D:\www\mengma\mengma\vendor\laravel\framework\src\Illuminate\Database\Console\Migrations\MigrateCommand.php(65): Illuminate\Database\Migrations\Migrator->run(Array, Array)
#11 [internal function]: Illuminate\Database\Console\Migrations\MigrateCommand->fire()
#12 D:\www\mengma\mengma\vendor\laravel\framework\src\Illuminate\Container\Container.php(507): call_user_func_array(Array, Array)
#13 D:\www\mengma\mengma\vendor\laravel\framework\src\Illuminate\Console\Command.php(169): Illuminate\Container\Container->call(Array)
#14 D:\www\mengma\mengma\vendor\symfony\console\Command\Command.php(256): Illuminate\Console\Command->execute(Object(Symfony\Component\Console\Input\ArgvInput), Object(Symfony\Component\Console\Output\ConsoleOutput))
#15 D:\www\mengma\mengma\vendor\laravel\framework\src\Illuminate\Console\Command.php(155): Symfony\Component\Console\Command\Command->run(Object(Symfony\Component\Console\Input\ArgvInput), Object(Symfony\Component\Console\Output\ConsoleOutput))
#16 D:\www\mengma\mengma\vendor\symfony\console\Application.php(818): Illuminate\Console\Command->run(Object(Symfony\Component\Console\Input\ArgvInput), Object(Symfony\Component\Console\Output\ConsoleOutput))
#17 D:\www\mengma\mengma\vendor\symfony\console\Application.php(186): Symfony\Component\Console\Application->doRunCommand(Object(Illuminate\Database\Console\Migrations\MigrateCommand), Object(Symfony\Component\Console\Input\ArgvInput), Object(Symfony\Component\Console\Output\ConsoleOutput))
#18 D:\www\mengma\mengma\vendor\symfony\console\Application.php(117): Symfony\Component\Console\Application->doRun(Object(Symfony\Component\Console\Input\ArgvInput), Object(Symfony\Component\Console\Output\ConsoleOutput))
#19 D:\www\mengma\mengma\vendor\laravel\framework\src\Illuminate\Foundation\Console\Kernel.php(122): Symfony\Component\Console\Application->run(Object(Symfony\Component\Console\Input\ArgvInput), Object(Symfony\Component\Console\Output\ConsoleOutput))
#20 D:\www\mengma\mengma\artisan(35): Illuminate\Foundation\Console\Kernel->handle(Object(Symfony\Component\Console\Input\ArgvInput), Object(Symfony\Component\Console\Output\ConsoleOutput))
#21 {main}  
